Using pre-set license
Built from '2020.3/staging' branch; Version is '2020.3.35f1 (18e4db7a9996) revision 1631451'; Using compiler version '192528614'; Build Type 'Release'
OS: 'Windows 10  (10.0.17763) 64bit EnterpriseS' Language: 'en' Physical Memory: 16253 MB
BatchMode: 1, IsHumanControllingUs: 0, StartBugReporterOnCrash: 0, Is64bit: 1, IsPro: 0

COMMAND LINE ARGUMENTS:
C:\Program Files\Unity\Hub\Editor\2020.3.35f1\Editor\Unity.exe
-adb2
-batchMode
-noUpm
-name
AssetImportWorker1
-projectPath
D:/Git Repositories/Best Climber
-logFile
Logs/AssetImportWorker1.log
-srvPort
63571
Successfully changed project path to: D:/Git Repositories/Best Climber
D:/Git Repositories/Best Climber
Using Asset Import Pipeline V2.
Refreshing native plugins compatible for Editor in 53.81 ms, found 2 plugins.
Preloading 0 native plugins for Editor in 0.00 ms.
Initialize engine version: 2020.3.35f1 (18e4db7a9996)
[Subsystems] Discovering subsystems at path C:/Program Files/Unity/Hub/Editor/2020.3.35f1/Editor/Data/Resources/UnitySubsystems
[Subsystems] Discovering subsystems at path D:/Git Repositories/Best Climber/Assets
GfxDevice: creating device client; threaded=0
Direct3D:
    Version:  Direct3D 11.0 [level 11.0]
    Renderer: NVIDIA GeForce GT 730 (ID=0x1287)
    Vendor:   
    VRAM:     2007 MB
    Driver:   27.21.14.5671
Initialize mono
Mono path[0] = 'C:/Program Files/Unity/Hub/Editor/2020.3.35f1/Editor/Data/Managed'
Mono path[1] = 'C:/Program Files/Unity/Hub/Editor/2020.3.35f1/Editor/Data/MonoBleedingEdge/lib/mono/unityjit'
Mono config path = 'C:/Program Files/Unity/Hub/Editor/2020.3.35f1/Editor/Data/MonoBleedingEdge/etc'
Using monoOptions --debugger-agent=transport=dt_socket,embedding=1,server=y,suspend=n,address=127.0.0.1:56724
Begin MonoManager ReloadAssembly
Registering precompiled unity dll's ...
Register platform support module: C:/Program Files/Unity/Hub/Editor/2020.3.35f1/Editor/Data/PlaybackEngines/WindowsStandaloneSupport/UnityEditor.WindowsStandalone.Extensions.dll
Registered in 0.001174 seconds.
Native extension for WindowsStandalone target not found
Refreshing native plugins compatible for Editor in 53.07 ms, found 2 plugins.
Preloading 0 native plugins for Editor in 0.00 ms.
Mono: successfully reloaded assembly
- Completed reload, in  0.531 seconds
Domain Reload Profiling:
	ReloadAssembly (531ms)
		BeginReloadAssembly (53ms)
			ExecutionOrderSort (0ms)
			DisableScriptedObjects (0ms)
			BackupInstance (0ms)
			ReleaseScriptingObjects (0ms)
			CreateAndSetChildDomain (1ms)
		EndReloadAssembly (418ms)
			LoadAssemblies (50ms)
			RebuildTransferFunctionScriptingTraits (0ms)
			SetupTypeCache (129ms)
			ReleaseScriptCaches (0ms)
			RebuildScriptCaches (26ms)
			SetupLoadedEditorAssemblies (178ms)
				LogAssemblyErrors (0ms)
				InitializePlatformSupportModulesInManaged (3ms)
				SetLoadedEditorAssemblies (0ms)
				RefreshPlugins (53ms)
				BeforeProcessingInitializeOnLoad (11ms)
				ProcessInitializeOnLoadAttributes (68ms)
				ProcessInitializeOnLoadMethodAttributes (42ms)
				AfterProcessingInitializeOnLoad (0ms)
				EditorAssembliesLoaded (0ms)
			ExecutionOrderSort2 (0ms)
			AwakeInstancesAfterBackupRestoration (0ms)
Platform modules already initialized, skipping
Registering precompiled user dll's ...
Registered in 0.002204 seconds.
Begin MonoManager ReloadAssembly
Native extension for WindowsStandalone target not found
Refreshing native plugins compatible for Editor in 54.97 ms, found 2 plugins.
Preloading 0 native plugins for Editor in 0.00 ms.
Mono: successfully reloaded assembly
- Completed reload, in  1.026 seconds
Domain Reload Profiling:
	ReloadAssembly (1026ms)
		BeginReloadAssembly (128ms)
			ExecutionOrderSort (0ms)
			DisableScriptedObjects (4ms)
			BackupInstance (0ms)
			ReleaseScriptingObjects (0ms)
			CreateAndSetChildDomain (16ms)
		EndReloadAssembly (847ms)
			LoadAssemblies (84ms)
			RebuildTransferFunctionScriptingTraits (0ms)
			SetupTypeCache (271ms)
			ReleaseScriptCaches (1ms)
			RebuildScriptCaches (48ms)
			SetupLoadedEditorAssemblies (357ms)
				LogAssemblyErrors (0ms)
				InitializePlatformSupportModulesInManaged (3ms)
				SetLoadedEditorAssemblies (0ms)
				RefreshPlugins (55ms)
				BeforeProcessingInitializeOnLoad (82ms)
				ProcessInitializeOnLoadAttributes (196ms)
				ProcessInitializeOnLoadMethodAttributes (15ms)
				AfterProcessingInitializeOnLoad (6ms)
				EditorAssembliesLoaded (0ms)
			ExecutionOrderSort2 (0ms)
			AwakeInstancesAfterBackupRestoration (2ms)
Platform modules already initialized, skipping
========================================================================
Worker process is ready to serve import requests
Launched and connected shader compiler UnityShaderCompiler.exe after 0.05 seconds
Refreshing native plugins compatible for Editor in 0.60 ms, found 2 plugins.
Preloading 0 native plugins for Editor in 0.00 ms.
Unloading 3448 Unused Serialized files (Serialized files now loaded: 0)
System memory in use before: 151.4 MB.
System memory in use after: 151.5 MB.

Unloading 19 unused Assets to reduce memory usage. Loaded Objects now: 3884.
Total: 3.512400 ms (FindLiveObjects: 0.261600 ms CreateObjectMapping: 0.135400 ms MarkObjects: 3.033100 ms  DeleteObjects: 0.081600 ms)

AssetImportParameters requested are different than current active one (requested -> active):
  custom:framework-win-MediaFoundation: 216162199b28c13a410421893ffa2e32 -> 
  custom:video-decoder-ogg-theora: a1e56fd34408186e4bbccfd4996cb3dc -> 
  custom:container-muxer-webm: aa71ff27fc2769a1b78a27578f13a17b -> 
  custom:container-demuxer-webm: 4f35f7cbe854078d1ac9338744f61a02 -> 
  custom:container-demuxer-ogg: 62fdf1f143b41e24485cea50d1cbac27 -> 
  custom:video-encoder-webm-vp8: eb34c28f22e8b96e1ab97ce403110664 -> 
  custom:video-decoder-webm-vp8: 9c59270c3fd7afecdb556c50c9e8de78 -> 
  custom:audio-decoder-ogg-vorbis: bf7c407c2cedff20999df2af8eb42d56 -> 
  custom:audio-encoder-webm-vorbis: bf7c407c2cedff20999df2af8eb42d56 -> 
========================================================================
Received Import Request.
  path: Assets/_Assets/FBX/Animaitons
  artifactKey: Guid(3b92deba360b5b24181b2cbabfa49cda) Importer(815301076,1909f56bfc062723c751e8b465ee728b)
Start importing Assets/_Assets/FBX/Animaitons using Guid(3b92deba360b5b24181b2cbabfa49cda) Importer(815301076,1909f56bfc062723c751e8b465ee728b)  -> (artifact id: '2f23973115c8f8430273eaefadb03fa3') in 0.005357 seconds 
========================================================================
Received Import Request.
  Time since last request: 0.962235 seconds.
  path: Assets/_Assets/FBX/Animaitons/Chracter With Hair.fbx
  artifactKey: Guid(9ae5137f19a6bbd428aed0bea0b8596d) Importer(815301076,1909f56bfc062723c751e8b465ee728b)
Start importing Assets/_Assets/FBX/Animaitons/Chracter With Hair.fbx using Guid(9ae5137f19a6bbd428aed0bea0b8596d) Importer(815301076,1909f56bfc062723c751e8b465ee728b)  -> (artifact id: '0c27f462b3e790585f2ac75fa4ebacae') in 0.217006 seconds 
========================================================================
Received Import Request.
  Time since last request: 7.118949 seconds.
  path: Assets/_Assets/FBX/Animaitons/Chracter With Hair.fbx
  artifactKey: Guid(9ae5137f19a6bbd428aed0bea0b8596d) Importer(815301076,1909f56bfc062723c751e8b465ee728b)
Start importing Assets/_Assets/FBX/Animaitons/Chracter With Hair.fbx using Guid(9ae5137f19a6bbd428aed0bea0b8596d) Importer(815301076,1909f56bfc062723c751e8b465ee728b)  -> (artifact id: '1e3e3014b7b6aa2e6543b78fae2593e2') in 0.022256 seconds 
========================================================================
Received Import Request.
  Time since last request: 4.289056 seconds.
  path: Assets/_Assets/FBX/Animaitons/C w H@Jump From Wall.fbx
  artifactKey: Guid(27398bc85f158d8478024623679c6b7e) Importer(815301076,1909f56bfc062723c751e8b465ee728b)
Start importing Assets/_Assets/FBX/Animaitons/C w H@Jump From Wall.fbx using Guid(27398bc85f158d8478024623679c6b7e) Importer(815301076,1909f56bfc062723c751e8b465ee728b)  -> (artifact id: '33f5a4089d5edfc4f3b121436cc42289') in 0.008045 seconds 
========================================================================
Received Import Request.
  Time since last request: 0.652883 seconds.
  path: Assets/_Assets/FBX/Animaitons/C w H@Climbing Up Wall.fbx
  artifactKey: Guid(c0890d96c4f079c458c77c38d6b42fc7) Importer(815301076,1909f56bfc062723c751e8b465ee728b)
Start importing Assets/_Assets/FBX/Animaitons/C w H@Climbing Up Wall.fbx using Guid(c0890d96c4f079c458c77c38d6b42fc7) Importer(815301076,1909f56bfc062723c751e8b465ee728b)  -> (artifact id: 'c14c1d819ec142d2308ec72a2216f114') in 0.008576 seconds 
========================================================================
Received Import Request.
  Time since last request: 7.323333 seconds.
  path: Assets/_Assets/FBX/Animaitons/C w H@Climbing Up Wall.fbx
  artifactKey: Guid(c0890d96c4f079c458c77c38d6b42fc7) Importer(815301076,1909f56bfc062723c751e8b465ee728b)
Start importing Assets/_Assets/FBX/Animaitons/C w H@Climbing Up Wall.fbx using Guid(c0890d96c4f079c458c77c38d6b42fc7) Importer(815301076,1909f56bfc062723c751e8b465ee728b)  -> (artifact id: '49a10a1922609d92371dcee90cf780d0') in 0.006872 seconds 
========================================================================
Received Import Request.
  Time since last request: 1.958312 seconds.
  path: Assets/_Assets/FBX/Animaitons/C w H@Idle.fbx
  artifactKey: Guid(ff1810e0b872df64086d130d9fea3505) Importer(815301076,1909f56bfc062723c751e8b465ee728b)
Start importing Assets/_Assets/FBX/Animaitons/C w H@Idle.fbx using Guid(ff1810e0b872df64086d130d9fea3505) Importer(815301076,1909f56bfc062723c751e8b465ee728b)  -> (artifact id: '1c3a026e87d8dbdf6d49e5bdc71a0cdd') in 0.009188 seconds 
========================================================================
Received Import Request.
  Time since last request: 4.040147 seconds.
  path: Assets/_Assets/FBX/Animaitons/C w H@Falling Idle.fbx
  artifactKey: Guid(5977aa8d32ecf6e4ba5fa815f845c837) Importer(815301076,1909f56bfc062723c751e8b465ee728b)
Start importing Assets/_Assets/FBX/Animaitons/C w H@Falling Idle.fbx using Guid(5977aa8d32ecf6e4ba5fa815f845c837) Importer(815301076,1909f56bfc062723c751e8b465ee728b)  -> (artifact id: '8cb77cedac714c71367d3d7c7d04874b') in 0.008598 seconds 
========================================================================
Received Import Request.
  Time since last request: 0.975428 seconds.
  path: Assets/_Assets/FBX/Animaitons/C w H@Jump From Wall.fbx
  artifactKey: Guid(27398bc85f158d8478024623679c6b7e) Importer(815301076,1909f56bfc062723c751e8b465ee728b)
Start importing Assets/_Assets/FBX/Animaitons/C w H@Jump From Wall.fbx using Guid(27398bc85f158d8478024623679c6b7e) Importer(815301076,1909f56bfc062723c751e8b465ee728b)  -> (artifact id: '506602aeeb5771d091b926a47251b3e8') in 0.010046 seconds 
========================================================================
Received Import Request.
  Time since last request: 9.191424 seconds.
  path: Assets/_Assets/FBX/Animaitons/C w H@Climbing Up Wall.fbx
  artifactKey: Guid(c0890d96c4f079c458c77c38d6b42fc7) Importer(815301076,1909f56bfc062723c751e8b465ee728b)
Start importing Assets/_Assets/FBX/Animaitons/C w H@Climbing Up Wall.fbx using Guid(c0890d96c4f079c458c77c38d6b42fc7) Importer(815301076,1909f56bfc062723c751e8b465ee728b)  -> (artifact id: '6667d747e8739c2ca39bd4b929d6731d') in 0.007641 seconds 
========================================================================
Received Import Request.
  Time since last request: 6.637055 seconds.
  path: Assets/_Assets/FBX/Animaitons/C w H@Idle.fbx
  artifactKey: Guid(ff1810e0b872df64086d130d9fea3505) Importer(815301076,1909f56bfc062723c751e8b465ee728b)
Start importing Assets/_Assets/FBX/Animaitons/C w H@Idle.fbx using Guid(ff1810e0b872df64086d130d9fea3505) Importer(815301076,1909f56bfc062723c751e8b465ee728b)  -> (artifact id: '7bc4ff5283654951500ffc801e3edee3') in 0.007267 seconds 
========================================================================
Received Import Request.
  Time since last request: 12.367985 seconds.
  path: Assets/_Assets/FBX/Animaitons/Chracter With Hair.fbx
  artifactKey: Guid(9ae5137f19a6bbd428aed0bea0b8596d) Importer(815301076,1909f56bfc062723c751e8b465ee728b)
Start importing Assets/_Assets/FBX/Animaitons/Chracter With Hair.fbx using Guid(9ae5137f19a6bbd428aed0bea0b8596d) Importer(815301076,1909f56bfc062723c751e8b465ee728b)  -> (artifact id: 'd9f91a869adc30d7877a5af1e5d9b4e6') in 0.020319 seconds 
========================================================================
Received Import Request.
  Time since last request: 5.818993 seconds.
  path: Assets/_Assets/FBX/Animaitons/Chracter With Hair.fbx
  artifactKey: Guid(9ae5137f19a6bbd428aed0bea0b8596d) Importer(815301076,1909f56bfc062723c751e8b465ee728b)
Start importing Assets/_Assets/FBX/Animaitons/Chracter With Hair.fbx using Guid(9ae5137f19a6bbd428aed0bea0b8596d) Importer(815301076,1909f56bfc062723c751e8b465ee728b)  -> (artifact id: 'b3027e7eef67bdc1639c19257a92a119') in 0.020258 seconds 
========================================================================
Received Import Request.
  Time since last request: 26.063998 seconds.
  path: Assets/_Assets/FBX/Animaitons/Chracter With Hair.fbx
  artifactKey: Guid(9ae5137f19a6bbd428aed0bea0b8596d) Importer(815301076,1909f56bfc062723c751e8b465ee728b)
Start importing Assets/_Assets/FBX/Animaitons/Chracter With Hair.fbx using Guid(9ae5137f19a6bbd428aed0bea0b8596d) Importer(815301076,1909f56bfc062723c751e8b465ee728b)  -> (artifact id: 'e46211aa86e6a549c45a7f8dfca3f729') in 0.019541 seconds 
========================================================================
Received Import Request.
  Time since last request: 25.571123 seconds.
  path: Assets/_Assets/Animations
  artifactKey: Guid(e419d73abd95f944e9b092334701a8b2) Importer(815301076,1909f56bfc062723c751e8b465ee728b)
Start importing Assets/_Assets/Animations using Guid(e419d73abd95f944e9b092334701a8b2) Importer(815301076,1909f56bfc062723c751e8b465ee728b)  -> (artifact id: 'b20fb3a49ba9e85ff544773af66a4912') in 0.002643 seconds 
========================================================================
Received Import Request.
  Time since last request: 5.616356 seconds.
  path: Assets/_Assets/Animations/Player.controller
  artifactKey: Guid(97db6f8acaa3cad47bc20b07ef94d90c) Importer(815301076,1909f56bfc062723c751e8b465ee728b)
Start importing Assets/_Assets/Animations/Player.controller using Guid(97db6f8acaa3cad47bc20b07ef94d90c) Importer(815301076,1909f56bfc062723c751e8b465ee728b)  -> (artifact id: 'cd44ef4faf8169aa7dd85dd644b536ce') in 0.003652 seconds 
========================================================================
Received Import Request.
  Time since last request: 0.242790 seconds.
  path: Assets/_Assets/Animations/Player.controller
  artifactKey: Guid(97db6f8acaa3cad47bc20b07ef94d90c) Importer(815301076,1909f56bfc062723c751e8b465ee728b)
Start importing Assets/_Assets/Animations/Player.controller using Guid(97db6f8acaa3cad47bc20b07ef94d90c) Importer(815301076,1909f56bfc062723c751e8b465ee728b)  -> (artifact id: 'fe79269a2abd853b3073b3926627d382') in 0.002135 seconds 
========================================================================
Received Import Request.
  Time since last request: 12.681045 seconds.
  path: Assets/_Assets/_Scripts/Others
  artifactKey: Guid(2a90c9ee137f696499d60b12507145fe) Importer(815301076,1909f56bfc062723c751e8b465ee728b)
Start importing Assets/_Assets/_Scripts/Others using Guid(2a90c9ee137f696499d60b12507145fe) Importer(815301076,1909f56bfc062723c751e8b465ee728b)  -> (artifact id: 'e43d39c8fdbc12bb6c95984d3c55bfe9') in 0.002819 seconds 
========================================================================
Received Import Request.
  Time since last request: 5.114547 seconds.
  path: Assets/_Assets/_Scripts/Others/Logs.cs
  artifactKey: Guid(e9fabd1513225274a9fe39846c5c1c0e) Importer(815301076,1909f56bfc062723c751e8b465ee728b)
Start importing Assets/_Assets/_Scripts/Others/Logs.cs using Guid(e9fabd1513225274a9fe39846c5c1c0e) Importer(815301076,1909f56bfc062723c751e8b465ee728b)  -> (artifact id: 'a42430dfdbbf3b8219d294a27a00c54c') in 0.005401 seconds 
========================================================================
Received Prepare
Registering precompiled user dll's ...
Registered in 0.001863 seconds.
Begin MonoManager ReloadAssembly
Native extension for WindowsStandalone target not found
Refreshing native plugins compatible for Editor in 0.58 ms, found 2 plugins.
Preloading 0 native plugins for Editor in 0.00 ms.
Mono: successfully reloaded assembly
- Completed reload, in  0.993 seconds
Domain Reload Profiling:
	ReloadAssembly (993ms)
		BeginReloadAssembly (121ms)
			ExecutionOrderSort (0ms)
			DisableScriptedObjects (5ms)
			BackupInstance (0ms)
			ReleaseScriptingObjects (0ms)
			CreateAndSetChildDomain (35ms)
		EndReloadAssembly (814ms)
			LoadAssemblies (95ms)
			RebuildTransferFunctionScriptingTraits (0ms)
			SetupTypeCache (278ms)
			ReleaseScriptCaches (1ms)
			RebuildScriptCaches (40ms)
			SetupLoadedEditorAssemblies (285ms)
				LogAssemblyErrors (0ms)
				InitializePlatformSupportModulesInManaged (3ms)
				SetLoadedEditorAssemblies (0ms)
				RefreshPlugins (1ms)
				BeforeProcessingInitializeOnLoad (81ms)
				ProcessInitializeOnLoadAttributes (183ms)
				ProcessInitializeOnLoadMethodAttributes (12ms)
				AfterProcessingInitializeOnLoad (6ms)
				EditorAssembliesLoaded (0ms)
			ExecutionOrderSort2 (0ms)
			AwakeInstancesAfterBackupRestoration (10ms)
Platform modules already initialized, skipping
Switching build target platform(19) subTarget(0) extendedPlatform(0) -> platform(13) subTarget(537395200) extendedPlatform(0)
Refreshing native plugins compatible for Editor in 0.56 ms, found 2 plugins.
Preloading 0 native plugins for Editor in 0.00 ms.
Unloading 3317 Unused Serialized files (Serialized files now loaded: 0)
System memory in use before: 160.6 MB.
System memory in use after: 160.8 MB.

Unloading 14 unused Assets to reduce memory usage. Loaded Objects now: 3937.
Total: 3.386600 ms (FindLiveObjects: 0.255400 ms CreateObjectMapping: 0.140100 ms MarkObjects: 2.935700 ms  DeleteObjects: 0.054800 ms)

AssetImportParameters requested are different than current active one (requested -> active):
  custom:framework-win-MediaFoundation: 216162199b28c13a410421893ffa2e32 -> 
  custom:video-decoder-ogg-theora: a1e56fd34408186e4bbccfd4996cb3dc -> 
  custom:container-muxer-webm: aa71ff27fc2769a1b78a27578f13a17b -> 
  custom:container-demuxer-webm: 4f35f7cbe854078d1ac9338744f61a02 -> 
  custom:container-demuxer-ogg: 62fdf1f143b41e24485cea50d1cbac27 -> 
  custom:video-encoder-webm-vp8: eb34c28f22e8b96e1ab97ce403110664 -> 
  custom:video-decoder-webm-vp8: 9c59270c3fd7afecdb556c50c9e8de78 -> 
  custom:graphics/normal-map-encoding: 01000000000000000000000000000000 -> 02000000000000000000000000000000
  custom:audio-decoder-ogg-vorbis: bf7c407c2cedff20999df2af8eb42d56 -> 
  custom:audio-encoder-webm-vorbis: bf7c407c2cedff20999df2af8eb42d56 -> 
========================================================================
Received Import Request.
  Time since last request: 30.245145 seconds.
  path: Assets/_Assets/FBX/Animaitons/C w H@Climbing Up Wall.fbx
  artifactKey: Guid(c0890d96c4f079c458c77c38d6b42fc7) Importer(815301076,1909f56bfc062723c751e8b465ee728b)
Start importing Assets/_Assets/FBX/Animaitons/C w H@Climbing Up Wall.fbx using Guid(c0890d96c4f079c458c77c38d6b42fc7) Importer(815301076,1909f56bfc062723c751e8b465ee728b)  -> (artifact id: '3679c77743d12ceec9079eebe27dafea') in 0.028604 seconds 
========================================================================
Received Prepare
Registering precompiled user dll's ...
Registered in 0.001978 seconds.
Begin MonoManager ReloadAssembly
Native extension for WindowsStandalone target not found
Refreshing native plugins compatible for Editor in 0.71 ms, found 2 plugins.
Preloading 0 native plugins for Editor in 0.00 ms.
Mono: successfully reloaded assembly
- Completed reload, in  0.974 seconds
Domain Reload Profiling:
	ReloadAssembly (975ms)
		BeginReloadAssembly (104ms)
			ExecutionOrderSort (0ms)
			DisableScriptedObjects (4ms)
			BackupInstance (0ms)
			ReleaseScriptingObjects (0ms)
			CreateAndSetChildDomain (32ms)
		EndReloadAssembly (819ms)
			LoadAssemblies (83ms)
			RebuildTransferFunctionScriptingTraits (0ms)
			SetupTypeCache (276ms)
			ReleaseScriptCaches (1ms)
			RebuildScriptCaches (45ms)
			SetupLoadedEditorAssemblies (284ms)
				LogAssemblyErrors (0ms)
				InitializePlatformSupportModulesInManaged (3ms)
				SetLoadedEditorAssemblies (1ms)
				RefreshPlugins (1ms)
				BeforeProcessingInitializeOnLoad (82ms)
				ProcessInitializeOnLoadAttributes (180ms)
				ProcessInitializeOnLoadMethodAttributes (12ms)
				AfterProcessingInitializeOnLoad (6ms)
				EditorAssembliesLoaded (0ms)
			ExecutionOrderSort2 (0ms)
			AwakeInstancesAfterBackupRestoration (11ms)
Platform modules already initialized, skipping
Switching build target platform(19) subTarget(0) extendedPlatform(0) -> platform(13) subTarget(537395200) extendedPlatform(0)
Refreshing native plugins compatible for Editor in 0.57 ms, found 2 plugins.
Preloading 0 native plugins for Editor in 0.00 ms.
Unloading 3317 Unused Serialized files (Serialized files now loaded: 0)
System memory in use before: 160.6 MB.
System memory in use after: 160.8 MB.

Unloading 14 unused Assets to reduce memory usage. Loaded Objects now: 3940.
Total: 3.385600 ms (FindLiveObjects: 0.250400 ms CreateObjectMapping: 0.131300 ms MarkObjects: 2.954600 ms  DeleteObjects: 0.048600 ms)

AssetImportParameters requested are different than current active one (requested -> active):
  custom:framework-win-MediaFoundation: 216162199b28c13a410421893ffa2e32 -> 
  custom:video-decoder-ogg-theora: a1e56fd34408186e4bbccfd4996cb3dc -> 
  custom:container-muxer-webm: aa71ff27fc2769a1b78a27578f13a17b -> 
  custom:container-demuxer-webm: 4f35f7cbe854078d1ac9338744f61a02 -> 
  custom:container-demuxer-ogg: 62fdf1f143b41e24485cea50d1cbac27 -> 
  custom:video-encoder-webm-vp8: eb34c28f22e8b96e1ab97ce403110664 -> 
  custom:video-decoder-webm-vp8: 9c59270c3fd7afecdb556c50c9e8de78 -> 
  custom:graphics/normal-map-encoding: 01000000000000000000000000000000 -> 02000000000000000000000000000000
  custom:audio-decoder-ogg-vorbis: bf7c407c2cedff20999df2af8eb42d56 -> 
  custom:audio-encoder-webm-vorbis: bf7c407c2cedff20999df2af8eb42d56 -> 
========================================================================
Received Prepare
Registering precompiled user dll's ...
Registered in 0.002175 seconds.
Begin MonoManager ReloadAssembly
Native extension for WindowsStandalone target not found
Refreshing native plugins compatible for Editor in 0.57 ms, found 2 plugins.
Preloading 0 native plugins for Editor in 0.00 ms.
Mono: successfully reloaded assembly
- Completed reload, in  0.965 seconds
Domain Reload Profiling:
	ReloadAssembly (965ms)
		BeginReloadAssembly (114ms)
			ExecutionOrderSort (0ms)
			DisableScriptedObjects (4ms)
			BackupInstance (0ms)
			ReleaseScriptingObjects (0ms)
			CreateAndSetChildDomain (33ms)
		EndReloadAssembly (799ms)
			LoadAssemblies (82ms)
			RebuildTransferFunctionScriptingTraits (0ms)
			SetupTypeCache (269ms)
			ReleaseScriptCaches (1ms)
			RebuildScriptCaches (40ms)
			SetupLoadedEditorAssemblies (282ms)
				LogAssemblyErrors (0ms)
				InitializePlatformSupportModulesInManaged (3ms)
				SetLoadedEditorAssemblies (0ms)
				RefreshPlugins (1ms)
				BeforeProcessingInitializeOnLoad (83ms)
				ProcessInitializeOnLoadAttributes (178ms)
				ProcessInitializeOnLoadMethodAttributes (12ms)
				AfterProcessingInitializeOnLoad (6ms)
				EditorAssembliesLoaded (0ms)
			ExecutionOrderSort2 (0ms)
			AwakeInstancesAfterBackupRestoration (10ms)
Platform modules already initialized, skipping
Switching build target platform(19) subTarget(0) extendedPlatform(0) -> platform(13) subTarget(537395200) extendedPlatform(0)
Refreshing native plugins compatible for Editor in 0.57 ms, found 2 plugins.
Preloading 0 native plugins for Editor in 0.00 ms.
Unloading 3317 Unused Serialized files (Serialized files now loaded: 0)
System memory in use before: 160.7 MB.
System memory in use after: 160.9 MB.

Unloading 14 unused Assets to reduce memory usage. Loaded Objects now: 3943.
Total: 3.498600 ms (FindLiveObjects: 0.301000 ms CreateObjectMapping: 0.129700 ms MarkObjects: 3.013900 ms  DeleteObjects: 0.053200 ms)

AssetImportParameters requested are different than current active one (requested -> active):
  custom:framework-win-MediaFoundation: 216162199b28c13a410421893ffa2e32 -> 
  custom:video-decoder-ogg-theora: a1e56fd34408186e4bbccfd4996cb3dc -> 
  custom:container-muxer-webm: aa71ff27fc2769a1b78a27578f13a17b -> 
  custom:container-demuxer-webm: 4f35f7cbe854078d1ac9338744f61a02 -> 
  custom:container-demuxer-ogg: 62fdf1f143b41e24485cea50d1cbac27 -> 
  custom:video-encoder-webm-vp8: eb34c28f22e8b96e1ab97ce403110664 -> 
  custom:video-decoder-webm-vp8: 9c59270c3fd7afecdb556c50c9e8de78 -> 
  custom:graphics/normal-map-encoding: 01000000000000000000000000000000 -> 02000000000000000000000000000000
  custom:audio-decoder-ogg-vorbis: bf7c407c2cedff20999df2af8eb42d56 -> 
  custom:audio-encoder-webm-vorbis: bf7c407c2cedff20999df2af8eb42d56 -> 
========================================================================
Received Import Request.
  Time since last request: 185.900164 seconds.
  path: Assets/_Assets/Animations/Player.controller
  artifactKey: Guid(97db6f8acaa3cad47bc20b07ef94d90c) Importer(815301076,1909f56bfc062723c751e8b465ee728b)
Start importing Assets/_Assets/Animations/Player.controller using Guid(97db6f8acaa3cad47bc20b07ef94d90c) Importer(815301076,1909f56bfc062723c751e8b465ee728b)  -> (artifact id: '113de1b40daf783b7dad44f64130c9f0') in 0.014934 seconds 
========================================================================
Received Prepare
Registering precompiled user dll's ...
Registered in 0.002713 seconds.
Begin MonoManager ReloadAssembly
Native extension for WindowsStandalone target not found
Refreshing native plugins compatible for Editor in 0.57 ms, found 2 plugins.
Preloading 0 native plugins for Editor in 0.00 ms.
Mono: successfully reloaded assembly
- Completed reload, in  0.969 seconds
Domain Reload Profiling:
	ReloadAssembly (970ms)
		BeginReloadAssembly (113ms)
			ExecutionOrderSort (0ms)
			DisableScriptedObjects (4ms)
			BackupInstance (0ms)
			ReleaseScriptingObjects (0ms)
			CreateAndSetChildDomain (32ms)
		EndReloadAssembly (804ms)
			LoadAssemblies (85ms)
			RebuildTransferFunctionScriptingTraits (0ms)
			SetupTypeCache (269ms)
			ReleaseScriptCaches (1ms)
			RebuildScriptCaches (40ms)
			SetupLoadedEditorAssemblies (279ms)
				LogAssemblyErrors (0ms)
				InitializePlatformSupportModulesInManaged (3ms)
				SetLoadedEditorAssemblies (0ms)
				RefreshPlugins (1ms)
				BeforeProcessingInitializeOnLoad (81ms)
				ProcessInitializeOnLoadAttributes (176ms)
				ProcessInitializeOnLoadMethodAttributes (11ms)
				AfterProcessingInitializeOnLoad (6ms)
				EditorAssembliesLoaded (0ms)
			ExecutionOrderSort2 (0ms)
			AwakeInstancesAfterBackupRestoration (10ms)
Platform modules already initialized, skipping
Switching build target platform(19) subTarget(0) extendedPlatform(0) -> platform(13) subTarget(537395200) extendedPlatform(0)
Refreshing native plugins compatible for Editor in 0.56 ms, found 2 plugins.
Preloading 0 native plugins for Editor in 0.00 ms.
Unloading 3317 Unused Serialized files (Serialized files now loaded: 0)
System memory in use before: 160.7 MB.
System memory in use after: 160.9 MB.

Unloading 14 unused Assets to reduce memory usage. Loaded Objects now: 3946.
Total: 3.104100 ms (FindLiveObjects: 0.237500 ms CreateObjectMapping: 0.124700 ms MarkObjects: 2.684700 ms  DeleteObjects: 0.056300 ms)

AssetImportParameters requested are different than current active one (requested -> active):
  custom:framework-win-MediaFoundation: 216162199b28c13a410421893ffa2e32 -> 
  custom:video-decoder-ogg-theora: a1e56fd34408186e4bbccfd4996cb3dc -> 
  custom:container-muxer-webm: aa71ff27fc2769a1b78a27578f13a17b -> 
  custom:container-demuxer-webm: 4f35f7cbe854078d1ac9338744f61a02 -> 
  custom:container-demuxer-ogg: 62fdf1f143b41e24485cea50d1cbac27 -> 
  custom:video-encoder-webm-vp8: eb34c28f22e8b96e1ab97ce403110664 -> 
  custom:video-decoder-webm-vp8: 9c59270c3fd7afecdb556c50c9e8de78 -> 
  custom:graphics/normal-map-encoding: 01000000000000000000000000000000 -> 02000000000000000000000000000000
  custom:audio-decoder-ogg-vorbis: bf7c407c2cedff20999df2af8eb42d56 -> 
  custom:audio-encoder-webm-vorbis: bf7c407c2cedff20999df2af8eb42d56 -> 
========================================================================
Received Prepare
Registering precompiled user dll's ...
Registered in 0.002097 seconds.
Begin MonoManager ReloadAssembly
Native extension for WindowsStandalone target not found
Refreshing native plugins compatible for Editor in 0.58 ms, found 2 plugins.
Preloading 0 native plugins for Editor in 0.00 ms.
Mono: successfully reloaded assembly
- Completed reload, in  0.955 seconds
Domain Reload Profiling:
	ReloadAssembly (955ms)
		BeginReloadAssembly (101ms)
			ExecutionOrderSort (0ms)
			DisableScriptedObjects (4ms)
			BackupInstance (0ms)
			ReleaseScriptingObjects (0ms)
			CreateAndSetChildDomain (30ms)
		EndReloadAssembly (803ms)
			LoadAssemblies (81ms)
			RebuildTransferFunctionScriptingTraits (0ms)
			SetupTypeCache (260ms)
			ReleaseScriptCaches (1ms)
			RebuildScriptCaches (41ms)
			SetupLoadedEditorAssemblies (283ms)
				LogAssemblyErrors (0ms)
				InitializePlatformSupportModulesInManaged (3ms)
				SetLoadedEditorAssemblies (0ms)
				RefreshPlugins (1ms)
				BeforeProcessingInitializeOnLoad (82ms)
				ProcessInitializeOnLoadAttributes (179ms)
				ProcessInitializeOnLoadMethodAttributes (12ms)
				AfterProcessingInitializeOnLoad (6ms)
				EditorAssembliesLoaded (0ms)
			ExecutionOrderSort2 (0ms)
			AwakeInstancesAfterBackupRestoration (10ms)
Platform modules already initialized, skipping
Switching build target platform(19) subTarget(0) extendedPlatform(0) -> platform(13) subTarget(537395200) extendedPlatform(0)
Refreshing native plugins compatible for Editor in 0.57 ms, found 2 plugins.
Preloading 0 native plugins for Editor in 0.00 ms.
Unloading 3317 Unused Serialized files (Serialized files now loaded: 0)
System memory in use before: 160.7 MB.
System memory in use after: 160.9 MB.

Unloading 14 unused Assets to reduce memory usage. Loaded Objects now: 3949.
Total: 3.400300 ms (FindLiveObjects: 0.253800 ms CreateObjectMapping: 0.140000 ms MarkObjects: 2.906300 ms  DeleteObjects: 0.099600 ms)

AssetImportParameters requested are different than current active one (requested -> active):
  custom:framework-win-MediaFoundation: 216162199b28c13a410421893ffa2e32 -> 
  custom:video-decoder-ogg-theora: a1e56fd34408186e4bbccfd4996cb3dc -> 
  custom:container-muxer-webm: aa71ff27fc2769a1b78a27578f13a17b -> 
  custom:container-demuxer-webm: 4f35f7cbe854078d1ac9338744f61a02 -> 
  custom:container-demuxer-ogg: 62fdf1f143b41e24485cea50d1cbac27 -> 
  custom:video-encoder-webm-vp8: eb34c28f22e8b96e1ab97ce403110664 -> 
  custom:video-decoder-webm-vp8: 9c59270c3fd7afecdb556c50c9e8de78 -> 
  custom:graphics/normal-map-encoding: 01000000000000000000000000000000 -> 02000000000000000000000000000000
  custom:audio-decoder-ogg-vorbis: bf7c407c2cedff20999df2af8eb42d56 -> 
  custom:audio-encoder-webm-vorbis: bf7c407c2cedff20999df2af8eb42d56 -> 
========================================================================
Received Import Request.
  Time since last request: 109.259362 seconds.
  path: Assets/_Assets/Prefabs
  artifactKey: Guid(0ab6f8efdda22ed4991c9e3c650e7d10) Importer(815301076,1909f56bfc062723c751e8b465ee728b)
Start importing Assets/_Assets/Prefabs using Guid(0ab6f8efdda22ed4991c9e3c650e7d10) Importer(815301076,1909f56bfc062723c751e8b465ee728b)  -> (artifact id: 'a82eb3ead59d587d5c554344c0ac7b82') in 0.005658 seconds 
========================================================================
Received Import Request.
  Time since last request: 2.637774 seconds.
  path: Assets/_Assets/Prefabs/pf_Log 1.prefab
  artifactKey: Guid(98d838618c4226d41a3da3fef738eaa5) Importer(815301076,1909f56bfc062723c751e8b465ee728b)
Start importing Assets/_Assets/Prefabs/pf_Log 1.prefab using Guid(98d838618c4226d41a3da3fef738eaa5) Importer(815301076,1909f56bfc062723c751e8b465ee728b)  -> (artifact id: 'da1648af41b96a8c204b56d7df08eb34') in 0.027488 seconds 
========================================================================
Received Prepare
Registering precompiled user dll's ...
Registered in 0.002152 seconds.
Begin MonoManager ReloadAssembly
Native extension for WindowsStandalone target not found
Refreshing native plugins compatible for Editor in 0.56 ms, found 2 plugins.
Preloading 0 native plugins for Editor in 0.00 ms.
Mono: successfully reloaded assembly
- Completed reload, in  0.976 seconds
Domain Reload Profiling:
	ReloadAssembly (976ms)
		BeginReloadAssembly (104ms)
			ExecutionOrderSort (0ms)
			DisableScriptedObjects (4ms)
			BackupInstance (0ms)
			ReleaseScriptingObjects (0ms)
			CreateAndSetChildDomain (30ms)
		EndReloadAssembly (821ms)
			LoadAssemblies (83ms)
			RebuildTransferFunctionScriptingTraits (0ms)
			SetupTypeCache (266ms)
			ReleaseScriptCaches (1ms)
			RebuildScriptCaches (40ms)
			SetupLoadedEditorAssemblies (285ms)
				LogAssemblyErrors (0ms)
				InitializePlatformSupportModulesInManaged (3ms)
				SetLoadedEditorAssemblies (0ms)
				RefreshPlugins (1ms)
				BeforeProcessingInitializeOnLoad (81ms)
				ProcessInitializeOnLoadAttributes (182ms)
				ProcessInitializeOnLoadMethodAttributes (12ms)
				AfterProcessingInitializeOnLoad (6ms)
				EditorAssembliesLoaded (0ms)
			ExecutionOrderSort2 (0ms)
			AwakeInstancesAfterBackupRestoration (10ms)
Platform modules already initialized, skipping
Switching build target platform(19) subTarget(0) extendedPlatform(0) -> platform(13) subTarget(537395200) extendedPlatform(0)
Refreshing native plugins compatible for Editor in 0.56 ms, found 2 plugins.
Preloading 0 native plugins for Editor in 0.00 ms.
Unloading 3317 Unused Serialized files (Serialized files now loaded: 0)
System memory in use before: 160.7 MB.
System memory in use after: 160.9 MB.

Unloading 14 unused Assets to reduce memory usage. Loaded Objects now: 3952.
Total: 3.412400 ms (FindLiveObjects: 0.242400 ms CreateObjectMapping: 0.149100 ms MarkObjects: 2.922000 ms  DeleteObjects: 0.098400 ms)

AssetImportParameters requested are different than current active one (requested -> active):
  custom:framework-win-MediaFoundation: 216162199b28c13a410421893ffa2e32 -> 
  custom:video-decoder-ogg-theora: a1e56fd34408186e4bbccfd4996cb3dc -> 
  custom:container-muxer-webm: aa71ff27fc2769a1b78a27578f13a17b -> 
  custom:container-demuxer-webm: 4f35f7cbe854078d1ac9338744f61a02 -> 
  custom:container-demuxer-ogg: 62fdf1f143b41e24485cea50d1cbac27 -> 
  custom:video-encoder-webm-vp8: eb34c28f22e8b96e1ab97ce403110664 -> 
  custom:video-decoder-webm-vp8: 9c59270c3fd7afecdb556c50c9e8de78 -> 
  custom:graphics/normal-map-encoding: 01000000000000000000000000000000 -> 02000000000000000000000000000000
  custom:audio-decoder-ogg-vorbis: bf7c407c2cedff20999df2af8eb42d56 -> 
  custom:audio-encoder-webm-vorbis: bf7c407c2cedff20999df2af8eb42d56 -> 
========================================================================
Received Import Request.
  Time since last request: 126.525239 seconds.
  path: Assets/_Assets/Prefabs/pf_Log 2.prefab
  artifactKey: Guid(910b5c887503f9347a7d0a6f5c8672c1) Importer(815301076,1909f56bfc062723c751e8b465ee728b)
Start importing Assets/_Assets/Prefabs/pf_Log 2.prefab using Guid(910b5c887503f9347a7d0a6f5c8672c1) Importer(815301076,1909f56bfc062723c751e8b465ee728b)  -> (artifact id: 'c95bce73af08fd4184acfaf0fd5c59aa') in 0.029345 seconds 
========================================================================
Received Prepare
Registering precompiled user dll's ...
Registered in 0.002019 seconds.
Begin MonoManager ReloadAssembly
Native extension for WindowsStandalone target not found
Refreshing native plugins compatible for Editor in 0.62 ms, found 2 plugins.
Preloading 0 native plugins for Editor in 0.00 ms.
Mono: successfully reloaded assembly
- Completed reload, in  0.963 seconds
Domain Reload Profiling:
	ReloadAssembly (964ms)
		BeginReloadAssembly (102ms)
			ExecutionOrderSort (0ms)
			DisableScriptedObjects (4ms)
			BackupInstance (0ms)
			ReleaseScriptingObjects (0ms)
			CreateAndSetChildDomain (30ms)
		EndReloadAssembly (810ms)
			LoadAssemblies (81ms)
			RebuildTransferFunctionScriptingTraits (0ms)
			SetupTypeCache (259ms)
			ReleaseScriptCaches (1ms)
			RebuildScriptCaches (39ms)
			SetupLoadedEditorAssemblies (280ms)
				LogAssemblyErrors (0ms)
				InitializePlatformSupportModulesInManaged (3ms)
				SetLoadedEditorAssemblies (0ms)
				RefreshPlugins (1ms)
				BeforeProcessingInitializeOnLoad (80ms)
				ProcessInitializeOnLoadAttributes (178ms)
				ProcessInitializeOnLoadMethodAttributes (12ms)
				AfterProcessingInitializeOnLoad (6ms)
				EditorAssembliesLoaded (0ms)
			ExecutionOrderSort2 (0ms)
			AwakeInstancesAfterBackupRestoration (10ms)
Platform modules already initialized, skipping
Switching build target platform(19) subTarget(0) extendedPlatform(0) -> platform(13) subTarget(537395200) extendedPlatform(0)
Refreshing native plugins compatible for Editor in 0.56 ms, found 2 plugins.
Preloading 0 native plugins for Editor in 0.00 ms.
Unloading 3317 Unused Serialized files (Serialized files now loaded: 0)
System memory in use before: 160.7 MB.
System memory in use after: 160.9 MB.

Unloading 14 unused Assets to reduce memory usage. Loaded Objects now: 3955.
Total: 3.410900 ms (FindLiveObjects: 0.239000 ms CreateObjectMapping: 0.121400 ms MarkObjects: 2.954900 ms  DeleteObjects: 0.094900 ms)

AssetImportParameters requested are different than current active one (requested -> active):
  custom:framework-win-MediaFoundation: 216162199b28c13a410421893ffa2e32 -> 
  custom:video-decoder-ogg-theora: a1e56fd34408186e4bbccfd4996cb3dc -> 
  custom:container-muxer-webm: aa71ff27fc2769a1b78a27578f13a17b -> 
  custom:container-demuxer-webm: 4f35f7cbe854078d1ac9338744f61a02 -> 
  custom:container-demuxer-ogg: 62fdf1f143b41e24485cea50d1cbac27 -> 
  custom:video-encoder-webm-vp8: eb34c28f22e8b96e1ab97ce403110664 -> 
  custom:video-decoder-webm-vp8: 9c59270c3fd7afecdb556c50c9e8de78 -> 
  custom:graphics/normal-map-encoding: 01000000000000000000000000000000 -> 02000000000000000000000000000000
  custom:audio-decoder-ogg-vorbis: bf7c407c2cedff20999df2af8eb42d56 -> 
  custom:audio-encoder-webm-vorbis: bf7c407c2cedff20999df2af8eb42d56 -> 
========================================================================
Received Import Request.
  Time since last request: 115.076651 seconds.
  path: Assets/_Assets/Scenes/SampleScene.unity
  artifactKey: Guid(d1c3109bdb54ad54c8a2b2838528e640) Importer(815301076,1909f56bfc062723c751e8b465ee728b)
Start importing Assets/_Assets/Scenes/SampleScene.unity using Guid(d1c3109bdb54ad54c8a2b2838528e640) Importer(815301076,1909f56bfc062723c751e8b465ee728b)  -> (artifact id: '40dd60e1830a598e4c4e5b2ca18b19b2') in 0.007081 seconds 
========================================================================
Received Import Request.
  Time since last request: 332.392891 seconds.
  path: Assets/_Assets/Scenes/Game Scene.unity
  artifactKey: Guid(d1c3109bdb54ad54c8a2b2838528e640) Importer(815301076,1909f56bfc062723c751e8b465ee728b)
Start importing Assets/_Assets/Scenes/Game Scene.unity using Guid(d1c3109bdb54ad54c8a2b2838528e640) Importer(815301076,1909f56bfc062723c751e8b465ee728b)  -> (artifact id: 'ddda5bf940a94f8c4837b3a3240636ae') in 0.001829 seconds 
========================================================================
Received Prepare
Registering precompiled user dll's ...
Registered in 0.001929 seconds.
Begin MonoManager ReloadAssembly
Native extension for WindowsStandalone target not found
Refreshing native plugins compatible for Editor in 0.57 ms, found 2 plugins.
Preloading 0 native plugins for Editor in 0.00 ms.
Mono: successfully reloaded assembly
- Completed reload, in  0.995 seconds
Domain Reload Profiling:
	ReloadAssembly (995ms)
		BeginReloadAssembly (104ms)
			ExecutionOrderSort (0ms)
			DisableScriptedObjects (4ms)
			BackupInstance (0ms)
			ReleaseScriptingObjects (0ms)
			CreateAndSetChildDomain (31ms)
		EndReloadAssembly (840ms)
			LoadAssemblies (81ms)
			RebuildTransferFunctionScriptingTraits (0ms)
			SetupTypeCache (282ms)
			ReleaseScriptCaches (1ms)
			RebuildScriptCaches (40ms)
			SetupLoadedEditorAssemblies (280ms)
				LogAssemblyErrors (0ms)
				InitializePlatformSupportModulesInManaged (3ms)
				SetLoadedEditorAssemblies (1ms)
				RefreshPlugins (1ms)
				BeforeProcessingInitializeOnLoad (81ms)
				ProcessInitializeOnLoadAttributes (178ms)
				ProcessInitializeOnLoadMethodAttributes (12ms)
				AfterProcessingInitializeOnLoad (6ms)
				EditorAssembliesLoaded (0ms)
			ExecutionOrderSort2 (0ms)
			AwakeInstancesAfterBackupRestoration (10ms)
Platform modules already initialized, skipping
Switching build target platform(19) subTarget(0) extendedPlatform(0) -> platform(13) subTarget(537395200) extendedPlatform(0)
Refreshing native plugins compatible for Editor in 0.56 ms, found 2 plugins.
Preloading 0 native plugins for Editor in 0.00 ms.
Unloading 3317 Unused Serialized files (Serialized files now loaded: 0)
System memory in use before: 160.8 MB.
System memory in use after: 160.9 MB.

Unloading 14 unused Assets to reduce memory usage. Loaded Objects now: 3958.
Total: 3.556000 ms (FindLiveObjects: 0.237800 ms CreateObjectMapping: 0.130600 ms MarkObjects: 3.129900 ms  DeleteObjects: 0.057100 ms)

AssetImportParameters requested are different than current active one (requested -> active):
  custom:framework-win-MediaFoundation: 216162199b28c13a410421893ffa2e32 -> 
  custom:video-decoder-ogg-theora: a1e56fd34408186e4bbccfd4996cb3dc -> 
  custom:container-muxer-webm: aa71ff27fc2769a1b78a27578f13a17b -> 
  custom:container-demuxer-webm: 4f35f7cbe854078d1ac9338744f61a02 -> 
  custom:container-demuxer-ogg: 62fdf1f143b41e24485cea50d1cbac27 -> 
  custom:video-encoder-webm-vp8: eb34c28f22e8b96e1ab97ce403110664 -> 
  custom:video-decoder-webm-vp8: 9c59270c3fd7afecdb556c50c9e8de78 -> 
  custom:graphics/normal-map-encoding: 01000000000000000000000000000000 -> 02000000000000000000000000000000
  custom:audio-decoder-ogg-vorbis: bf7c407c2cedff20999df2af8eb42d56 -> 
  custom:audio-encoder-webm-vorbis: bf7c407c2cedff20999df2af8eb42d56 -> 
========================================================================
Received Import Request.
  Time since last request: 1970.885254 seconds.
  path: Assets/_Assets/Prefabs/pf_Log 3.prefab
  artifactKey: Guid(2101a04a3ec9c1d42946483af095129c) Importer(815301076,1909f56bfc062723c751e8b465ee728b)
Start importing Assets/_Assets/Prefabs/pf_Log 3.prefab using Guid(2101a04a3ec9c1d42946483af095129c) Importer(815301076,1909f56bfc062723c751e8b465ee728b)  -> (artifact id: 'ac9398fa05ce7d639bce27c120fad2f3') in 0.183378 seconds 
========================================================================
Received Import Request.
  Time since last request: 59.989758 seconds.
  path: Assets/_Assets/_Scripts/Managers
  artifactKey: Guid(baad54b8abfc92c49bfbcaa8b3f9c7d6) Importer(815301076,1909f56bfc062723c751e8b465ee728b)
Start importing Assets/_Assets/_Scripts/Managers using Guid(baad54b8abfc92c49bfbcaa8b3f9c7d6) Importer(815301076,1909f56bfc062723c751e8b465ee728b)  -> (artifact id: 'bcacf4a11cdd054f402adc1a45a0f584') in 0.002731 seconds 
========================================================================
Received Import Request.
  Time since last request: 24.131481 seconds.
  path: Assets/_Assets/_Scripts/Managers/MasterController.cs
  artifactKey: Guid(06818aef00f41a24dbaf4596c878b701) Importer(815301076,1909f56bfc062723c751e8b465ee728b)
Start importing Assets/_Assets/_Scripts/Managers/MasterController.cs using Guid(06818aef00f41a24dbaf4596c878b701) Importer(815301076,1909f56bfc062723c751e8b465ee728b)  -> (artifact id: '4417b4fc591af2439d011630712a0e30') in 0.002267 seconds 
========================================================================
Received Import Request.
  Time since last request: 55.041235 seconds.
  path: Assets/_Assets/_Scripts/Managers/heart.png
  artifactKey: Guid(9c62e343e2b10694a9930f262a4001d3) Importer(815301076,1909f56bfc062723c751e8b465ee728b)
Start importing Assets/_Assets/_Scripts/Managers/heart.png using Guid(9c62e343e2b10694a9930f262a4001d3) Importer(815301076,1909f56bfc062723c751e8b465ee728b)  -> (artifact id: '18a315e1cc9ca1490467e51c82f0c363') in 0.017410 seconds 
========================================================================
Received Import Request.
  Time since last request: 7.306756 seconds.
  path: Assets/_Assets/_Scripts/Managers/heart.png
  artifactKey: Guid(9c62e343e2b10694a9930f262a4001d3) Importer(815301076,1909f56bfc062723c751e8b465ee728b)
Start importing Assets/_Assets/_Scripts/Managers/heart.png using Guid(9c62e343e2b10694a9930f262a4001d3) Importer(815301076,1909f56bfc062723c751e8b465ee728b)  -> (artifact id: '3085c81441d52516895306d72908a09c') in 0.021981 seconds 
========================================================================
Received Import Request.
  Time since last request: 1.606176 seconds.
  path: Assets/_Assets/_Scripts/Managers/GameDataSO.cs
  artifactKey: Guid(89cf2f11db05c394197051d5a1a912c4) Importer(815301076,1909f56bfc062723c751e8b465ee728b)
Start importing Assets/_Assets/_Scripts/Managers/GameDataSO.cs using Guid(89cf2f11db05c394197051d5a1a912c4) Importer(815301076,1909f56bfc062723c751e8b465ee728b)  -> (artifact id: '1cb6969602ed9614d91a1d6c0be7e70d') in 0.001905 seconds 
========================================================================
Received Import Request.
  Time since last request: 63.492200 seconds.
  path: Assets/_Assets/_Scripts/Managers/gear.png
  artifactKey: Guid(d8cebd37f52c4d3458db0d1a8c8c773e) Importer(815301076,1909f56bfc062723c751e8b465ee728b)
Start importing Assets/_Assets/_Scripts/Managers/gear.png using Guid(d8cebd37f52c4d3458db0d1a8c8c773e) Importer(815301076,1909f56bfc062723c751e8b465ee728b)  -> (artifact id: 'cb31d0bb1cf61d1cc39641b3013b5726') in 0.014346 seconds 
========================================================================
Received Import Request.
  Time since last request: 0.000183 seconds.
  path: Assets/Scalable Grid Prototype Materials/Textures/prototype_texture_dark_blue.png
  artifactKey: Guid(fc84c8104e276004b8aa6944b71d6725) Importer(815301076,1909f56bfc062723c751e8b465ee728b)
Start importing Assets/Scalable Grid Prototype Materials/Textures/prototype_texture_dark_blue.png using Guid(fc84c8104e276004b8aa6944b71d6725) Importer(815301076,1909f56bfc062723c751e8b465ee728b)  -> (artifact id: 'd95b44e7619f6cd326dfa7f0cbd363a3') in 0.010123 seconds 
========================================================================
Received Import Request.
  Time since last request: 0.000170 seconds.
  path: Assets/Scalable Grid Prototype Materials/Textures/prototype_texture_light_gray.png
  artifactKey: Guid(dbfde23484f7e44468e850fa3f353583) Importer(815301076,1909f56bfc062723c751e8b465ee728b)
Start importing Assets/Scalable Grid Prototype Materials/Textures/prototype_texture_light_gray.png using Guid(dbfde23484f7e44468e850fa3f353583) Importer(815301076,1909f56bfc062723c751e8b465ee728b)  -> (artifact id: 'ab1b989097a9c3d2266bb164ce4af339') in 0.009964 seconds 
========================================================================
Received Import Request.
  Time since last request: 0.000179 seconds.
  path: Assets/Scalable Grid Prototype Materials/Textures/prototype_texture_yellow.png
  artifactKey: Guid(a717ac18e7dc1f84484097a47786a423) Importer(815301076,1909f56bfc062723c751e8b465ee728b)
Start importing Assets/Scalable Grid Prototype Materials/Textures/prototype_texture_yellow.png using Guid(a717ac18e7dc1f84484097a47786a423) Importer(815301076,1909f56bfc062723c751e8b465ee728b)  -> (artifact id: '8c47a9a70eaa3a4480e48781f15a065e') in 0.009208 seconds 
========================================================================
Received Import Request.
  Time since last request: 0.000203 seconds.
  path: Assets/Scalable Grid Prototype Materials/Textures/prototype_texture_red.png
  artifactKey: Guid(0b6977d7c811998458f577abe12384c4) Importer(815301076,1909f56bfc062723c751e8b465ee728b)
Start importing Assets/Scalable Grid Prototype Materials/Textures/prototype_texture_red.png using Guid(0b6977d7c811998458f577abe12384c4) Importer(815301076,1909f56bfc062723c751e8b465ee728b)  -> (artifact id: 'ea88596e003124263f55bb7831cf1dc8') in 0.010304 seconds 
========================================================================
Received Import Request.
  Time since last request: 0.000184 seconds.
  path: Assets/Scalable Grid Prototype Materials/Textures/prototype_texture_gray.png
  artifactKey: Guid(7b44f27d63e57b344a8e6fb97a39f4e9) Importer(815301076,1909f56bfc062723c751e8b465ee728b)
Start importing Assets/Scalable Grid Prototype Materials/Textures/prototype_texture_gray.png using Guid(7b44f27d63e57b344a8e6fb97a39f4e9) Importer(815301076,1909f56bfc062723c751e8b465ee728b)  -> (artifact id: '477ee26e8bb5c7326742b92aa8389e45') in 0.010185 seconds 
========================================================================
Received Import Request.
  Time since last request: 0.000238 seconds.
  path: Assets/Scalable Grid Prototype Materials/Textures/prototype_texture_green.png
  artifactKey: Guid(245ac577221877c43961e7763553cd82) Importer(815301076,1909f56bfc062723c751e8b465ee728b)
Start importing Assets/Scalable Grid Prototype Materials/Textures/prototype_texture_green.png using Guid(245ac577221877c43961e7763553cd82) Importer(815301076,1909f56bfc062723c751e8b465ee728b)  -> (artifact id: '96a35d90362ff8f2d966ed63f5712d93') in 0.010628 seconds 
========================================================================
Received Import Request.
  Time since last request: 0.000186 seconds.
  path: Assets/Scalable Grid Prototype Materials/Textures/prototype_texture_white.png
  artifactKey: Guid(8130f45be7565b5449caa9960c11ce4a) Importer(815301076,1909f56bfc062723c751e8b465ee728b)
Start importing Assets/Scalable Grid Prototype Materials/Textures/prototype_texture_white.png using Guid(8130f45be7565b5449caa9960c11ce4a) Importer(815301076,1909f56bfc062723c751e8b465ee728b)  -> (artifact id: '58990577451d1574a04464b4d42ec1f7') in 0.010978 seconds 
========================================================================
Received Import Request.
  Time since last request: 0.000162 seconds.
  path: Assets/TutorialInfo/Icons/UniversalIcon.png
  artifactKey: Guid(7801804018a7dcf42abb827444e18660) Importer(815301076,1909f56bfc062723c751e8b465ee728b)
Start importing Assets/TutorialInfo/Icons/UniversalIcon.png using Guid(7801804018a7dcf42abb827444e18660) Importer(815301076,1909f56bfc062723c751e8b465ee728b)  -> (artifact id: '721b4c5cc51ef5d7ec2d9323548d0eed') in 0.008958 seconds 
========================================================================
Received Import Request.
  Time since last request: 0.000143 seconds.
  path: Assets/Scalable Grid Prototype Materials/Textures/prototype_texture_blue_sapphire.png
  artifactKey: Guid(8815a802e0f38e048bace68a208d96be) Importer(815301076,1909f56bfc062723c751e8b465ee728b)
Start importing Assets/Scalable Grid Prototype Materials/Textures/prototype_texture_blue_sapphire.png using Guid(8815a802e0f38e048bace68a208d96be) Importer(815301076,1909f56bfc062723c751e8b465ee728b)  -> (artifact id: '976d0a3a94e6bebc4ab7264a0805cc71') in 0.010512 seconds 
========================================================================
Received Import Request.
  Time since last request: 0.000148 seconds.
  path: Assets/Baracuda/Monitoring.Example/Textures/TEX_Crosshair.png
  artifactKey: Guid(2347ae8d8008d7e4ba9002de58bc1292) Importer(815301076,1909f56bfc062723c751e8b465ee728b)
Start importing Assets/Baracuda/Monitoring.Example/Textures/TEX_Crosshair.png using Guid(2347ae8d8008d7e4ba9002de58bc1292) Importer(815301076,1909f56bfc062723c751e8b465ee728b)  -> (artifact id: 'bdee40e404aa395aab0ec3936c4853a6') in 0.012533 seconds 
========================================================================
Received Import Request.
  Time since last request: 0.000151 seconds.
  path: Assets/Scalable Grid Prototype Materials/Textures/prototype_texture_dark_gray.png
  artifactKey: Guid(8f6c4f88f783cf84d81195c1dfa71811) Importer(815301076,1909f56bfc062723c751e8b465ee728b)
Start importing Assets/Scalable Grid Prototype Materials/Textures/prototype_texture_dark_gray.png using Guid(8f6c4f88f783cf84d81195c1dfa71811) Importer(815301076,1909f56bfc062723c751e8b465ee728b)  -> (artifact id: '4ba596f60fa2db137d6ecd8681ce6635') in 0.010215 seconds 
========================================================================
Received Import Request.
  Time since last request: 0.000169 seconds.
  path: Assets/Scalable Grid Prototype Materials/Textures/prototype_texture_violet.png
  artifactKey: Guid(a15c398614edbbd42afad965e9cff7aa) Importer(815301076,1909f56bfc062723c751e8b465ee728b)
Start importing Assets/Scalable Grid Prototype Materials/Textures/prototype_texture_violet.png using Guid(a15c398614edbbd42afad965e9cff7aa) Importer(815301076,1909f56bfc062723c751e8b465ee728b)  -> (artifact id: 'de392fe37bcd443d5c1ee5e2fd396158') in 0.010299 seconds 
========================================================================
Received Import Request.
  Time since last request: 0.000169 seconds.
  path: Assets/Scalable Grid Prototype Materials/Textures/prototype_texture_light_sea_green.png
  artifactKey: Guid(8ab718bc1633ebd49b36bfbc69a8d0cc) Importer(815301076,1909f56bfc062723c751e8b465ee728b)
Start importing Assets/Scalable Grid Prototype Materials/Textures/prototype_texture_light_sea_green.png using Guid(8ab718bc1633ebd49b36bfbc69a8d0cc) Importer(815301076,1909f56bfc062723c751e8b465ee728b)  -> (artifact id: 'e8e178e715170af46895438f6a53cb2e') in 0.010145 seconds 
========================================================================
Received Import Request.
  Time since last request: 0.000143 seconds.
  path: Assets/Scalable Grid Prototype Materials/Textures/prototype_texture_orange.png
  artifactKey: Guid(fb8602a1dfec21a4e8716ea215bc1b9f) Importer(815301076,1909f56bfc062723c751e8b465ee728b)
Start importing Assets/Scalable Grid Prototype Materials/Textures/prototype_texture_orange.png using Guid(fb8602a1dfec21a4e8716ea215bc1b9f) Importer(815301076,1909f56bfc062723c751e8b465ee728b)  -> (artifact id: '295a8ba223618dfa274715841758f4b3') in 0.009213 seconds 
========================================================================
Received Import Request.
  Time since last request: 0.000134 seconds.
  path: Assets/_Assets/_Scripts/Utilites/Pooling System/inflatable-pool.png
  artifactKey: Guid(ceb3f156c104acf4b9833efefac75f97) Importer(815301076,1909f56bfc062723c751e8b465ee728b)
Start importing Assets/_Assets/_Scripts/Utilites/Pooling System/inflatable-pool.png using Guid(ceb3f156c104acf4b9833efefac75f97) Importer(815301076,1909f56bfc062723c751e8b465ee728b)  -> (artifact id: '6b99f13e777f8bc0cdcd57c2a09fb503') in 0.014743 seconds 
========================================================================
Received Import Request.
  Time since last request: 0.000205 seconds.
  path: Assets/Scalable Grid Prototype Materials/Textures/prototype_texture_mantis.png
  artifactKey: Guid(c6eaa3c24d27dce469f7bf01bc136d05) Importer(815301076,1909f56bfc062723c751e8b465ee728b)
Start importing Assets/Scalable Grid Prototype Materials/Textures/prototype_texture_mantis.png using Guid(c6eaa3c24d27dce469f7bf01bc136d05) Importer(815301076,1909f56bfc062723c751e8b465ee728b)  -> (artifact id: '66ecdea4a7f06d36f092a71cccb6aeea') in 0.009976 seconds 
========================================================================
Received Import Request.
  Time since last request: 0.000131 seconds.
  path: Assets/Scalable Grid Prototype Materials/Textures/prototype_texture_black.png
  artifactKey: Guid(ea56026c03a4628419a6ff92a06da35f) Importer(815301076,1909f56bfc062723c751e8b465ee728b)
Start importing Assets/Scalable Grid Prototype Materials/Textures/prototype_texture_black.png using Guid(ea56026c03a4628419a6ff92a06da35f) Importer(815301076,1909f56bfc062723c751e8b465ee728b)  -> (artifact id: '0fbcbd426301aa78815e3b99c154702e') in 0.010362 seconds 
========================================================================
Received Import Request.
  Time since last request: 0.000154 seconds.
  path: Assets/Scalable Grid Prototype Materials/Textures/prototype_texture_blue.png
  artifactKey: Guid(2370997b9f6832247ae9f14098f336c6) Importer(815301076,1909f56bfc062723c751e8b465ee728b)
Start importing Assets/Scalable Grid Prototype Materials/Textures/prototype_texture_blue.png using Guid(2370997b9f6832247ae9f14098f336c6) Importer(815301076,1909f56bfc062723c751e8b465ee728b)  -> (artifact id: '5cf16ca1944c46961590ae3ca061822b') in 0.009523 seconds 
========================================================================
Received Import Request.
  Time since last request: 0.000150 seconds.
  path: Assets/Scalable Grid Prototype Materials/Textures/prototype_normal.png
  artifactKey: Guid(b7e7faca7fd58d147ad4889d2c521c2c) Importer(815301076,1909f56bfc062723c751e8b465ee728b)
Start importing Assets/Scalable Grid Prototype Materials/Textures/prototype_normal.png using Guid(b7e7faca7fd58d147ad4889d2c521c2c) Importer(815301076,1909f56bfc062723c751e8b465ee728b)  -> (artifact id: '58b4c53e409fde106ec326c0bb60996a') in 0.010152 seconds 
========================================================================
Received Import Request.
  Time since last request: 0.000137 seconds.
  path: Assets/TutorialInfo/Icons/Help_Icon.png
  artifactKey: Guid(34f556d724b1bbf4097ca6220db2c581) Importer(815301076,1909f56bfc062723c751e8b465ee728b)
Start importing Assets/TutorialInfo/Icons/Help_Icon.png using Guid(34f556d724b1bbf4097ca6220db2c581) Importer(815301076,1909f56bfc062723c751e8b465ee728b)  -> (artifact id: '3d3c220b1925419693912121a96f0618') in 0.006573 seconds 
========================================================================
Received Import Request.
  Time since last request: 3.333748 seconds.
  path: Assets/_Assets/_Scripts/Managers/MasterController.cs
  artifactKey: Guid(06818aef00f41a24dbaf4596c878b701) Importer(815301076,1909f56bfc062723c751e8b465ee728b)
Start importing Assets/_Assets/_Scripts/Managers/MasterController.cs using Guid(06818aef00f41a24dbaf4596c878b701) Importer(815301076,1909f56bfc062723c751e8b465ee728b)  -> (artifact id: '2877ee7f8b720236ec25d29467545bc0') in 0.002196 seconds 
========================================================================
Received Import Request.
  Time since last request: 5.968483 seconds.
  path: Assets/_Assets/_Scripts/Managers/SpawnManager.cs
  artifactKey: Guid(1626af814db7ea840b992c503221a39b) Importer(815301076,1909f56bfc062723c751e8b465ee728b)
Start importing Assets/_Assets/_Scripts/Managers/SpawnManager.cs using Guid(1626af814db7ea840b992c503221a39b) Importer(815301076,1909f56bfc062723c751e8b465ee728b)  -> (artifact id: '8b1bd1194d4bd2ee9ccd5bf709131963') in 0.002646 seconds 
========================================================================
Received Import Request.
  Time since last request: 4.838835 seconds.
  path: Assets/_Assets/_Scripts/Managers/SpawnManager.cs
  artifactKey: Guid(1626af814db7ea840b992c503221a39b) Importer(815301076,1909f56bfc062723c751e8b465ee728b)
Start importing Assets/_Assets/_Scripts/Managers/SpawnManager.cs using Guid(1626af814db7ea840b992c503221a39b) Importer(815301076,1909f56bfc062723c751e8b465ee728b)  -> (artifact id: 'ad7034514c342f9d152489a953314511') in 0.001816 seconds 
========================================================================
Received Prepare
Registering precompiled user dll's ...
Registered in 0.001994 seconds.
Begin MonoManager ReloadAssembly
Native extension for WindowsStandalone target not found
Refreshing native plugins compatible for Editor in 0.56 ms, found 2 plugins.
Preloading 0 native plugins for Editor in 0.00 ms.
Mono: successfully reloaded assembly
- Completed reload, in  0.998 seconds
Domain Reload Profiling:
	ReloadAssembly (998ms)
		BeginReloadAssembly (109ms)
			ExecutionOrderSort (0ms)
			DisableScriptedObjects (5ms)
			BackupInstance (0ms)
			ReleaseScriptingObjects (0ms)
			CreateAndSetChildDomain (34ms)
		EndReloadAssembly (837ms)
			LoadAssemblies (83ms)
			RebuildTransferFunctionScriptingTraits (0ms)
			SetupTypeCache (270ms)
			ReleaseScriptCaches (1ms)
			RebuildScriptCaches (40ms)
			SetupLoadedEditorAssemblies (281ms)
				LogAssemblyErrors (0ms)
				InitializePlatformSupportModulesInManaged (3ms)
				SetLoadedEditorAssemblies (0ms)
				RefreshPlugins (1ms)
				BeforeProcessingInitializeOnLoad (81ms)
				ProcessInitializeOnLoadAttributes (177ms)
				ProcessInitializeOnLoadMethodAttributes (12ms)
				AfterProcessingInitializeOnLoad (6ms)
				EditorAssembliesLoaded (1ms)
			ExecutionOrderSort2 (0ms)
			AwakeInstancesAfterBackupRestoration (9ms)
Platform modules already initialized, skipping
Switching build target platform(19) subTarget(0) extendedPlatform(0) -> platform(13) subTarget(537395200) extendedPlatform(0)
Refreshing native plugins compatible for Editor in 0.57 ms, found 2 plugins.
Preloading 0 native plugins for Editor in 0.00 ms.
Unloading 3330 Unused Serialized files (Serialized files now loaded: 0)
System memory in use before: 161.3 MB.
System memory in use after: 161.5 MB.

Unloading 14 unused Assets to reduce memory usage. Loaded Objects now: 4016.
Total: 3.117600 ms (FindLiveObjects: 0.260500 ms CreateObjectMapping: 0.142000 ms MarkObjects: 2.655600 ms  DeleteObjects: 0.058900 ms)

AssetImportParameters requested are different than current active one (requested -> active):
  custom:framework-win-MediaFoundation: 216162199b28c13a410421893ffa2e32 -> 
  custom:video-decoder-ogg-theora: a1e56fd34408186e4bbccfd4996cb3dc -> 
  custom:container-muxer-webm: aa71ff27fc2769a1b78a27578f13a17b -> 
  custom:container-demuxer-webm: 4f35f7cbe854078d1ac9338744f61a02 -> 
  custom:container-demuxer-ogg: 62fdf1f143b41e24485cea50d1cbac27 -> 
  custom:video-encoder-webm-vp8: eb34c28f22e8b96e1ab97ce403110664 -> 
  custom:video-decoder-webm-vp8: 9c59270c3fd7afecdb556c50c9e8de78 -> 
  custom:graphics/normal-map-encoding: 01000000000000000000000000000000 -> 02000000000000000000000000000000
  custom:audio-decoder-ogg-vorbis: bf7c407c2cedff20999df2af8eb42d56 -> 
  custom:audio-encoder-webm-vorbis: bf7c407c2cedff20999df2af8eb42d56 -> 
========================================================================
Received Import Request.
  Time since last request: 197.537155 seconds.
  path: Assets/_Assets/_Scripts/Managers/SpawnManager.cs
  artifactKey: Guid(1626af814db7ea840b992c503221a39b) Importer(815301076,1909f56bfc062723c751e8b465ee728b)
Start importing Assets/_Assets/_Scripts/Managers/SpawnManager.cs using Guid(1626af814db7ea840b992c503221a39b) Importer(815301076,1909f56bfc062723c751e8b465ee728b)  -> (artifact id: '75d87edbfcfd0edc430367da501901aa') in 0.005122 seconds 
AssetImportWorkerClient::OnTransportError - code=2 error=End of file
